2019-06-28 12:00:47.124  INFO 13476 --- [restartedMain] br.edu.unoesc.AppIptuApplication         : Starting AppIptuApplication on NOTEBOOK-ISAC with PID 13476 (C:\Users\isac\eclipse-workspace\AppIPTU\target\classes started by isac in C:\Users\isac\eclipse-workspace\AppIPTU)
2019-06-28 12:00:47.137  INFO 13476 --- [restartedMain] br.edu.unoesc.AppIptuApplication         : No active profile set, falling back to default profiles: default
2019-06-28 12:00:47.237  INFO 13476 --- [restartedMain] .e.DevToolsPropertyDefaultsPostProcessor : Devtools property defaults active! Set 'spring.devtools.add-properties' to 'false' to disable
2019-06-28 12:00:47.238  INFO 13476 --- [restartedMain] .e.DevToolsPropertyDefaultsPostProcessor : For additional web related logging consider setting the 'logging.level.web' property to 'DEBUG'
2019-06-28 12:00:48.477  INFO 13476 --- [restartedMain] .s.d.r.c.RepositoryConfigurationDelegate : Bootstrapping Spring Data repositories in DEFAULT mode.
2019-06-28 12:00:48.632  INFO 13476 --- [restartedMain] .s.d.r.c.RepositoryConfigurationDelegate : Finished Spring Data repository scanning in 145ms. Found 2 repository interfaces.
2019-06-28 12:00:49.231  INFO 13476 --- [restartedMain] trationDelegate$BeanPostProcessorChecker : Bean 'org.springframework.transaction.annotation.ProxyTransactionManagementConfiguration' of type [org.springframework.transaction.annotation.ProxyTransactionManagementConfiguration$$EnhancerBySpringCGLIB$$deda7497] is not eligible for getting processed by all BeanPostProcessors (for example: not eligible for auto-proxying)
2019-06-28 12:00:49.732  INFO 13476 --- [restartedMain] o.s.b.w.embedded.tomcat.TomcatWebServer  : Tomcat initialized with port(s): 8080 (http)
2019-06-28 12:00:49.782  INFO 13476 --- [restartedMain] o.apache.catalina.core.StandardService   : Starting service [Tomcat]
2019-06-28 12:00:49.785  INFO 13476 --- [restartedMain] org.apache.catalina.core.StandardEngine  : Starting Servlet engine: [Apache Tomcat/9.0.21]
2019-06-28 12:00:50.225  INFO 13476 --- [restartedMain] org.apache.jasper.servlet.TldScanner     : At least one JAR was scanned for TLDs yet contained no TLDs. Enable debug logging for this logger for a complete list of JARs that were scanned but no TLDs were found in them. Skipping unneeded JARs during scanning can improve startup time and JSP compilation time.
2019-06-28 12:00:50.239  INFO 13476 --- [restartedMain] o.a.c.c.C.[Tomcat].[localhost].[/]       : Initializing Spring embedded WebApplicationContext
2019-06-28 12:00:50.239  INFO 13476 --- [restartedMain] o.s.web.context.ContextLoader            : Root WebApplicationContext: initialization completed in 3000 ms
2019-06-28 12:00:50.439  INFO 13476 --- [restartedMain] com.zaxxer.hikari.HikariDataSource       : HikariPool-1 - Starting...
2019-06-28 12:00:53.029  INFO 13476 --- [restartedMain] com.zaxxer.hikari.HikariDataSource       : HikariPool-1 - Start completed.
2019-06-28 12:00:53.099  INFO 13476 --- [restartedMain] o.hibernate.jpa.internal.util.LogHelper  : HHH000204: Processing PersistenceUnitInfo [name: default]
2019-06-28 12:00:53.266  INFO 13476 --- [restartedMain] org.hibernate.Version                    : HHH000412: Hibernate Core {5.4.3.Final}
2019-06-28 12:00:53.444  INFO 13476 --- [restartedMain] o.hibernate.annotations.common.Version   : HCANN000001: Hibernate Commons Annotations {5.1.0.Final}
2019-06-28 12:00:53.631  INFO 13476 --- [restartedMain] org.hibernate.dialect.Dialect            : HHH000400: Using dialect: org.hibernate.dialect.PostgreSQL10Dialect
2019-06-28 12:00:55.226  INFO 13476 --- [restartedMain] o.h.e.t.j.p.i.JtaPlatformInitiator       : HHH000490: Using JtaPlatform implementation: [org.hibernate.engine.transaction.jta.platform.internal.NoJtaPlatform]
2019-06-28 12:00:55.238  INFO 13476 --- [restartedMain] j.LocalContainerEntityManagerFactoryBean : Initialized JPA EntityManagerFactory for persistence unit 'default'
2019-06-28 12:00:55.320  INFO 13476 --- [restartedMain] o.s.b.d.a.OptionalLiveReloadServer       : LiveReload server is running on port 35729
2019-06-28 12:00:55.805  INFO 13476 --- [restartedMain] o.s.s.concurrent.ThreadPoolTaskExecutor  : Initializing ExecutorService 'applicationTaskExecutor'
2019-06-28 12:00:55.845  WARN 13476 --- [restartedMain] aWebConfiguration$JpaWebMvcConfiguration : spring.jpa.open-in-view is enabled by default. Therefore, database queries may be performed during view rendering. Explicitly configure spring.jpa.open-in-view to disable this warning
2019-06-28 12:00:55.955  INFO 13476 --- [restartedMain] o.s.b.a.w.s.WelcomePageHandlerMapping    : Adding welcome page template: index
2019-06-28 12:00:56.144  INFO 13476 --- [restartedMain] o.s.b.w.embedded.tomcat.TomcatWebServer  : Tomcat started on port(s): 8080 (http) with context path ''
2019-06-28 12:00:56.149  INFO 13476 --- [restartedMain] br.edu.unoesc.AppIptuApplication         : Started AppIptuApplication in 9.55 seconds (JVM running for 12.204)
2019-06-28 12:01:14.765  INFO 13476 --- [RMI TCP Connection(2)-127.0.0.1] inMXBeanRegistrar$SpringApplicationAdmin : Application shutdown requested.
2019-06-28 12:01:14.771  INFO 13476 --- [RMI TCP Connection(2)-127.0.0.1] o.s.s.concurrent.ThreadPoolTaskExecutor  : Shutting down ExecutorService 'applicationTaskExecutor'
2019-06-28 12:01:14.776  INFO 13476 --- [RMI TCP Connection(2)-127.0.0.1] j.LocalContainerEntityManagerFactoryBean : Closing JPA EntityManagerFactory for persistence unit 'default'
2019-06-28 12:01:14.776  INFO 13476 --- [RMI TCP Connection(2)-127.0.0.1] .SchemaDropperImpl$DelayedDropActionImpl : HHH000477: Starting delayed evictData of schema as part of SessionFactory shut-down'
2019-06-28 12:01:15.294  INFO 13476 --- [RMI TCP Connection(2)-127.0.0.1] com.zaxxer.hikari.HikariDataSource       : HikariPool-1 - Shutdown initiated...
2019-06-28 12:01:15.314  INFO 13476 --- [RMI TCP Connection(2)-127.0.0.1] com.zaxxer.hikari.HikariDataSource       : HikariPool-1 - Shutdown completed.
2019-06-28 12:01:20.842  INFO 22748 --- [restartedMain] br.edu.unoesc.AppIptuApplication         : Starting AppIptuApplication on NOTEBOOK-ISAC with PID 22748 (C:\Users\isac\eclipse-workspace\AppIPTU\target\classes started by isac in C:\Users\isac\eclipse-workspace\AppIPTU)
2019-06-28 12:01:20.850  INFO 22748 --- [restartedMain] br.edu.unoesc.AppIptuApplication         : No active profile set, falling back to default profiles: default
2019-06-28 12:01:20.923  INFO 22748 --- [restartedMain] .e.DevToolsPropertyDefaultsPostProcessor : Devtools property defaults active! Set 'spring.devtools.add-properties' to 'false' to disable
2019-06-28 12:01:20.924  INFO 22748 --- [restartedMain] .e.DevToolsPropertyDefaultsPostProcessor : For additional web related logging consider setting the 'logging.level.web' property to 'DEBUG'
2019-06-28 12:01:22.212  INFO 22748 --- [restartedMain] .s.d.r.c.RepositoryConfigurationDelegate : Bootstrapping Spring Data repositories in DEFAULT mode.
2019-06-28 12:01:22.355  INFO 22748 --- [restartedMain] .s.d.r.c.RepositoryConfigurationDelegate : Finished Spring Data repository scanning in 129ms. Found 2 repository interfaces.
2019-06-28 12:01:23.269  INFO 22748 --- [restartedMain] trationDelegate$BeanPostProcessorChecker : Bean 'org.springframework.transaction.annotation.ProxyTransactionManagementConfiguration' of type [org.springframework.transaction.annotation.ProxyTransactionManagementConfiguration$$EnhancerBySpringCGLIB$$7900ed2b] is not eligible for getting processed by all BeanPostProcessors (for example: not eligible for auto-proxying)
2019-06-28 12:01:24.153  INFO 22748 --- [restartedMain] o.s.b.w.embedded.tomcat.TomcatWebServer  : Tomcat initialized with port(s): 8080 (http)
2019-06-28 12:01:24.328  INFO 22748 --- [restartedMain] o.apache.catalina.core.StandardService   : Starting service [Tomcat]
2019-06-28 12:01:24.341  INFO 22748 --- [restartedMain] org.apache.catalina.core.StandardEngine  : Starting Servlet engine: [Apache Tomcat/9.0.21]
2019-06-28 12:01:25.201  INFO 22748 --- [restartedMain] org.apache.jasper.servlet.TldScanner     : At least one JAR was scanned for TLDs yet contained no TLDs. Enable debug logging for this logger for a complete list of JARs that were scanned but no TLDs were found in them. Skipping unneeded JARs during scanning can improve startup time and JSP compilation time.
2019-06-28 12:01:25.221  INFO 22748 --- [restartedMain] o.a.c.c.C.[Tomcat].[localhost].[/]       : Initializing Spring embedded WebApplicationContext
2019-06-28 12:01:25.224  INFO 22748 --- [restartedMain] o.s.web.context.ContextLoader            : Root WebApplicationContext: initialization completed in 4299 ms
2019-06-28 12:01:25.530  INFO 22748 --- [restartedMain] com.zaxxer.hikari.HikariDataSource       : HikariPool-1 - Starting...
2019-06-28 12:01:27.678  INFO 22748 --- [restartedMain] com.zaxxer.hikari.HikariDataSource       : HikariPool-1 - Start completed.
2019-06-28 12:01:27.748  INFO 22748 --- [restartedMain] o.hibernate.jpa.internal.util.LogHelper  : HHH000204: Processing PersistenceUnitInfo [name: default]
2019-06-28 12:01:27.862  INFO 22748 --- [restartedMain] org.hibernate.Version                    : HHH000412: Hibernate Core {5.4.3.Final}
2019-06-28 12:01:28.070  INFO 22748 --- [restartedMain] o.hibernate.annotations.common.Version   : HCANN000001: Hibernate Commons Annotations {5.1.0.Final}
2019-06-28 12:01:28.243  INFO 22748 --- [restartedMain] org.hibernate.dialect.Dialect            : HHH000400: Using dialect: org.hibernate.dialect.PostgreSQL10Dialect
2019-06-28 12:01:29.347  WARN 22748 --- [restartedMain] o.h.engine.jdbc.spi.SqlExceptionHelper   : SQL Warning Code: 0, SQLState: 00000
2019-06-28 12:01:29.349  WARN 22748 --- [restartedMain] o.h.engine.jdbc.spi.SqlExceptionHelper   : table "simulacao" does not exist, skipping
2019-06-28 12:01:29.514  WARN 22748 --- [restartedMain] o.h.engine.jdbc.spi.SqlExceptionHelper   : SQL Warning Code: 0, SQLState: 00000
2019-06-28 12:01:29.516  WARN 22748 --- [restartedMain] o.h.engine.jdbc.spi.SqlExceptionHelper   : table "vistoria" does not exist, skipping
2019-06-28 12:01:29.865  INFO 22748 --- [restartedMain] o.h.e.t.j.p.i.JtaPlatformInitiator       : HHH000490: Using JtaPlatform implementation: [org.hibernate.engine.transaction.jta.platform.internal.NoJtaPlatform]
2019-06-28 12:01:29.870  INFO 22748 --- [restartedMain] j.LocalContainerEntityManagerFactoryBean : Initialized JPA EntityManagerFactory for persistence unit 'default'
2019-06-28 12:01:29.949  INFO 22748 --- [restartedMain] o.s.b.d.a.OptionalLiveReloadServer       : LiveReload server is running on port 35729
2019-06-28 12:01:30.593  INFO 22748 --- [restartedMain] o.s.s.concurrent.ThreadPoolTaskExecutor  : Initializing ExecutorService 'applicationTaskExecutor'
2019-06-28 12:01:30.639  WARN 22748 --- [restartedMain] aWebConfiguration$JpaWebMvcConfiguration : spring.jpa.open-in-view is enabled by default. Therefore, database queries may be performed during view rendering. Explicitly configure spring.jpa.open-in-view to disable this warning
2019-06-28 12:01:30.766  INFO 22748 --- [restartedMain] o.s.b.a.w.s.WelcomePageHandlerMapping    : Adding welcome page template: index
2019-06-28 12:01:31.023  INFO 22748 --- [restartedMain] o.s.b.w.embedded.tomcat.TomcatWebServer  : Tomcat started on port(s): 8080 (http) with context path ''
2019-06-28 12:01:31.028  INFO 22748 --- [restartedMain] br.edu.unoesc.AppIptuApplication         : Started AppIptuApplication in 10.75 seconds (JVM running for 12.264)
2019-06-28 14:42:16.841  INFO 22748 --- [RMI TCP Connection(2)-127.0.0.1] inMXBeanRegistrar$SpringApplicationAdmin : Application shutdown requested.
2019-06-28 14:42:16.857  INFO 22748 --- [RMI TCP Connection(2)-127.0.0.1] o.s.s.concurrent.ThreadPoolTaskExecutor  : Shutting down ExecutorService 'applicationTaskExecutor'
2019-06-28 14:42:16.859  INFO 22748 --- [RMI TCP Connection(2)-127.0.0.1] j.LocalContainerEntityManagerFactoryBean : Closing JPA EntityManagerFactory for persistence unit 'default'
2019-06-28 14:42:16.860  INFO 22748 --- [RMI TCP Connection(2)-127.0.0.1] .SchemaDropperImpl$DelayedDropActionImpl : HHH000477: Starting delayed evictData of schema as part of SessionFactory shut-down'
2019-06-28 14:42:17.383  INFO 22748 --- [RMI TCP Connection(2)-127.0.0.1] com.zaxxer.hikari.HikariDataSource       : HikariPool-1 - Shutdown initiated...
2019-06-28 14:42:17.396  INFO 22748 --- [RMI TCP Connection(2)-127.0.0.1] com.zaxxer.hikari.HikariDataSource       : HikariPool-1 - Shutdown completed.
